[2025-11-10 00:15:49] ALERT Potential Email Address leak detected
Data: *****************
------------------------------------------------------------
[2025-11-10 00:16:12] ALERT Potential Social Security Number (SSN) leak detected
Data: ***********
------------------------------------------------------------
[2025-11-10 00:16:31] ALERT Potential Bank Account Number leak detected
Data: ****************
------------------------------------------------------------
[2025-11-10 00:17:07] ALERT Potential Credit Card Number leak detected
Data: 41***************11
------------------------------------------------------------
[2025-11-10 00:17:22] ALERT Potential Credit Card Number leak detected
Data: 55***************04
------------------------------------------------------------
[2025-11-10 00:17:43] ALERT Potential Email Address leak detected
Data: *****************
------------------------------------------------------------
[2025-11-10 00:18:40] ALERT Potential Phone Number leak detected
Data: **********
------------------------------------------------------------
[2025-11-10 00:19:00] ALERT Potential Email Address leak detected
Data: ****************************************
------------------------------------------------------------
[2025-11-10 00:32:26] ALERT Potential Password leak detected
Data: *************
------------------------------------------------------------
[2025-11-10 00:35:47] ALERT 🚨 Potential Email Address leak detected
Data: **************
------------------------------------------------------------
[2025-11-10 00:35:47] ALERT 🚨 Potential Password leak detected
Data: **************
------------------------------------------------------------
[2025-11-10 00:36:42] ALERT 🚨 Potential Password leak detected
Data: *************
------------------------------------------------------------
[2025-11-10 00:43:47] ALERT 🚨 Potential Email Address leak detected
Data: lava@gmail.com
------------------------------------------------------------
[2025-11-10 00:43:47] ALERT 🚨 Potential Password leak detected
Data: lava@gmail.com
------------------------------------------------------------
[2025-11-10 00:45:36] ALERT 🚨 Potential Password leak detected
Data: TopSecret@123
------------------------------------------------------------
[2025-11-10 00:45:55] ALERT 🚨 Potential Email Address leak detected
Data: lice@example.com
------------------------------------------------------------
[2025-11-10 00:45:55] ALERT 🚨 Potential Password leak detected
Data: lice@example.com
------------------------------------------------------------
[2025-11-10 00:46:10] ALERT 🚨 Potential Social Security Number (SSN) leak detected
Data: 123-45-6789
------------------------------------------------------------
[2025-11-10 00:46:30] ALERT 🚨 Potential Credit Card Number leak detected
Data: 4111-1111-1111-1111
------------------------------------------------------------
[2025-11-10 00:51:49] ALERT 🚨 Potential Password leak detected
Data: **************
------------------------------------------------------------
